<?xml version="1.0" encoding="UTF-8"?>
<testsuite name="org.launchcode.techjobs.oo.JobTest" tests="6" skipped="0" failures="0" errors="0" timestamp="2023-11-11T16:20:50" hostname="SDALE0321LPT" time="0.053">
  <properties/>
  <testcase name="testJobsForEquality" classname="org.launchcode.techjobs.oo.JobTest" time="0.009"/>
  <testcase name="testToStringHandlesEmptyField" classname="org.launchcode.techjobs.oo.JobTest" time="0.023"/>
  <testcase name="testToStringContainsCorrectLabelsAndData" classname="org.launchcode.techjobs.oo.JobTest" time="0.012"/>
  <testcase name="testToStringStartsAndEndsWithNewLine" classname="org.launchcode.techjobs.oo.JobTest" time="0.002"/>
  <testcase name="testJobConstructorSetsAllFields" classname="org.launchcode.techjobs.oo.JobTest" time="0.001"/>
  <testcase name="testSettingJobId" classname="org.launchcode.techjobs.oo.JobTest" time="0.0"/>
  <system-out><![CDATA[]]></system-out>
  <system-err><![CDATA[]]></system-err>
</testsuite>
