<?xml version="1.0" encoding="UTF-8"?>
<testsuite name="org.launchcode.techjobs.oo.TestTaskFour" tests="3" skipped="0" failures="0" errors="0" timestamp="2023-11-11T16:20:50" hostname="SDALE0321LPT" time="0.003">
  <properties/>
  <testcase name="testTestJobsForEqualityExists" classname="org.launchcode.techjobs.oo.TestTaskFour" time="0.001"/>
  <testcase name="testTestJobConstructorSetsAllFieldsExists" classname="org.launchcode.techjobs.oo.TestTaskFour" time="0.0"/>
  <testcase name="testTestSettingJobIdExists" classname="org.launchcode.techjobs.oo.TestTaskFour" time="0.0"/>
  <system-out><![CDATA[]]></system-out>
  <system-err><![CDATA[]]></system-err>
</testsuite>
